<?xml version="1.0" encoding="UTF-8"?>
<!-- Generated by org.testng.reporters.JUnitReportReporter -->
<testsuite skipped="0" hostname="Gurlaptop301" name="maven.test" tests="1" failures="0" timestamp="2021-01-03T03:51:07 IST" time="0.010" errors="0">
  <testcase name="BrowserAutomation" time="0.010" classname="maven.test"/>
  <system-out/>
</testsuite> <!-- maven.test -->
