<?xml version="1.0" encoding="UTF-8"?>
<!-- Generated by org.testng.reporters.JUnitReportReporter -->
<testsuite skipped="0" hostname="Gurlaptop301" name="resources.Utils" tests="1" failures="0" timestamp="2021-04-06T10:45:29 IST" time="0.043" errors="0">
  <testcase name="getDate" time="0.043" classname="resources.Utils"/>
  <system-out/>
</testsuite> <!-- resources.Utils -->
