<?xml version="1.0" encoding="UTF-8"?>
<!-- Generated by org.testng.reporters.JUnitReportReporter -->
<testsuite skipped="0" hostname="Gurlaptop301" name="Book.bookfunc" tests="2" failures="0" timestamp="2021-03-14T18:39:51 IST" time="12.914" errors="0">
  <testcase name="addBook" time="0.843" classname="Book.bookfunc"/>
  <system-out/>
  <testcase name="addBook" time="12.071" classname="Book.bookfunc"/>
  <system-out/>
</testsuite> <!-- Book.bookfunc -->
