<?xml version="1.0" encoding="UTF-8"?>
<!-- Generated by org.testng.reporters.JUnitReportReporter -->
<testsuite skipped="0" hostname="Gurlaptop301" name="REST_ASSURED.testing" tests="1" failures="0" timestamp="2021-03-08T00:05:52 IST" time="2.015" errors="0">
  <testcase name="printValidate" time="2.015" classname="REST_ASSURED.testing"/>
  <system-out/>
</testsuite> <!-- REST_ASSURED.testing -->
