<?xml version="1.0" encoding="UTF-8"?>
<!-- Generated by org.testng.reporters.JUnitReportReporter -->
<testsuite skipped="0" hostname="demonSlayer" name="practice" tests="1" failures="0" timestamp="26 Jan 2021 06:32:41 GMT" time="3.903" errors="0">
  <testcase name="test" time="3.903" classname="practice"/>
</testsuite> <!-- practice -->
