<?xml version="1.0" encoding="UTF-8"?>
<!-- Generated by org.testng.reporters.JUnitReportReporter -->
<testsuite skipped="0" hostname="demonSlayer" name="test" tests="1" failures="0" timestamp="26 Jan 2021 10:01:50 GMT" time="26.964" errors="0">
  <testcase name="launch" time="26.964" classname="test"/>
</testsuite> <!-- test -->
