<?xml version="1.0" encoding="UTF-8"?>
<!-- Generated by org.testng.reporters.JUnitReportReporter -->
<testsuite skipped="0" hostname="demonSlayer" name="Tests.LaunchLogin" tests="2" failures="0" timestamp="26 Jan 2021 12:27:46 GMT" time="5.225" errors="0">
  <testcase name="search" time="0.002" classname="Tests.LaunchLogin"/>
  <testcase name="loginLaunch" time="5.223" classname="Tests.LaunchLogin"/>
</testsuite> <!-- Tests.LaunchLogin -->
