<?xml version="1.0" encoding="UTF-8"?>
<!-- Generated by org.testng.reporters.JUnitReportReporter -->
<testsuite skipped="0" hostname="Gurlaptop301" name="test.JIRA_ISSUE_SMOKE" tests="6" failures="0" timestamp="2021-03-21T18:22:27 IST" time="5.688" errors="0">
  <testcase name="addComment" time="0.349" classname="test.JIRA_ISSUE_SMOKE"/>
  <system-out/>
  <testcase name="verifyComment" time="0.414" classname="test.JIRA_ISSUE_SMOKE"/>
  <system-out/>
  <testcase name="addComment" time="0.109" classname="test.JIRA_ISSUE_SMOKE"/>
  <system-out/>
  <testcase name="generateLoginCookie" time="3.135" classname="test.JIRA_ISSUE_SMOKE"/>
  <system-out/>
  <testcase name="createIssue" time="1.359" classname="test.JIRA_ISSUE_SMOKE"/>
  <system-out/>
  <testcase name="addAttachment" time="0.322" classname="test.JIRA_ISSUE_SMOKE"/>
  <system-out/>
</testsuite> <!-- test.JIRA_ISSUE_SMOKE -->
