<?xml version="1.0" encoding="UTF-8"?>
<!-- Generated by org.testng.reporters.JUnitReportReporter -->
<testsuite skipped="0" hostname="Gurlaptop301" name="test.AddComment" tests="4" failures="0" timestamp="2021-03-19T00:41:42 IST" time="4.468" errors="0">
  <testcase name="createIssue" time="0.915" classname="test.AddComment"/>
  <system-out/>
  <testcase name="generateLoginCookie" time="2.439" classname="test.AddComment"/>
  <system-out/>
  <testcase name="addComment" time="0.074" classname="test.AddComment"/>
  <system-out/>
  <testcase name="addAttachment" time="1.040" classname="test.AddComment"/>
  <system-out/>
</testsuite> <!-- test.AddComment -->
