<?xml version="1.0" encoding="UTF-8"?>
<!-- Generated by org.testng.reporters.JUnitReportReporter -->
<testsuite skipped="0" hostname="Gurlaptop301" name="test.OAuth2" tests="1" failures="0" timestamp="2021-03-22T01:34:54 IST" time="6.417" errors="0">
  <testcase name="oauth" time="6.417" classname="test.OAuth2"/>
  <system-out/>
</testsuite> <!-- test.OAuth2 -->
