<?xml version="1.0" encoding="UTF-8"?>
<!-- Generated by org.testng.reporters.JUnitReportReporter -->
<testsuite skipped="0" hostname="Gurlaptop301" name="test.tests1221" tests="1" failures="0" timestamp="2021-03-30T14:49:37 IST" time="1.226" errors="0">
  <testcase name="fibnacci" time="1.226" classname="test.tests1221"/>
  <system-out/>
</testsuite> <!-- test.tests1221 -->
