<?xml version="1.0" encoding="UTF-8"?>
<!-- Generated by org.testng.reporters.JUnitReportReporter -->
<testsuite skipped="0" hostname="Gurlaptop301" name="testing" tests="1" failures="0" timestamp="2021-03-31T17:22:55 IST" time="0.049" errors="0">
  <testcase name="test" time="0.049" classname="testing"/>
  <system-out/>
</testsuite> <!-- testing -->
