<?xml version="1.0" encoding="UTF-8"?>
<!-- Generated by org.testng.reporters.JUnitReportReporter -->
<testsuite hostname="Gurlaptop301" name="testng.test" tests="3" failures="0" timestamp="2 Jan 2021 20:05:36 GMT" time="0.027" errors="0">
  <testcase name="Pass" time="0.005" classname="testng.test"/>
  <testcase name="testPrint" time="0.019" classname="testng.test"/>
  <testcase name="testPrint" time="0.003" classname="testng.test"/>
</testsuite> <!-- testng.test -->
