<?xml version="1.0" encoding="UTF-8"?>
<!-- Generated by org.testng.reporters.JUnitReportReporter -->
<testsuite skipped="0" hostname="Gurlaptop301" name="search.search" tests="1" failures="0" timestamp="2021-03-30T17:51:07 IST" time="17.343" errors="0">
  <testcase name="google" time="17.343" classname="search.search"/>
  <system-out/>
</testsuite> <!-- search.search -->
