<?xml version="1.0" encoding="UTF-8"?>
<!-- Generated by org.testng.reporters.JUnitReportReporter -->
<testsuite hostname="Gurlaptop301" name="testng.test3" tests="2" failures="0" timestamp="1 Jan 2021 19:12:05 GMT" time="0.044" errors="0">
  <testcase name="test1" time="0.004" classname="testng.test3"/>
  <testcase name="test" time="0.040" classname="testng.test3"/>
</testsuite> <!-- testng.test3 -->
