<?xml version="1.0" encoding="UTF-8"?>
<!-- Generated by org.testng.reporters.JUnitReportReporter -->
<testsuite hostname="Gurlaptop301" name="testng.test4" tests="3" failures="0" timestamp="2 Jan 2021 20:43:21 GMT" time="0.016" errors="0">
  <testcase name="test" time="0.013" classname="testng.test4"/>
  <testcase name="test" time="0.001" classname="testng.test4"/>
  <testcase name="test" time="0.002" classname="testng.test4"/>
</testsuite> <!-- testng.test4 -->
