<?xml version="1.0" encoding="UTF-8"?>
<!-- Generated by org.testng.reporters.JUnitReportReporter -->
<testsuite skipped="0" hostname="Gurlaptop301" name="XRAY.XrayMain" tests="1" failures="0" timestamp="2021-01-21T18:36:32 IST" time="18.521" errors="0">
  <testcase name="fetchTCID" time="18.521" classname="XRAY.XrayMain"/>
  <system-out/>
</testsuite> <!-- XRAY.XrayMain -->
