<?xml version="1.0" encoding="UTF-8"?>
<!-- Generated by org.testng.reporters.JUnitReportReporter -->
<testsuite skipped="0" hostname="demonSlayer" name="maven.extent.test" tests="1" failures="0" timestamp="06 Jan 2021 22:08:33 GMT" time="3.589" errors="0">
  <testcase name="Test" time="3.589" classname="maven.extent.test"/>
</testsuite> <!-- maven.extent.test -->
