<?xml version="1.0" encoding="UTF-8"?>
<!-- Generated by org.testng.reporters.JUnitReportReporter -->
<testsuite skipped="0" hostname="demonSlayer" name="Tests.validateTitle" tests="1" failures="0" timestamp="2021-02-14T19:35:44 IST" time="2.788" errors="0">
  <testcase name="getTitle" time="2.788" classname="Tests.validateTitle"/>
  <system-out/>
</testsuite> <!-- Tests.validateTitle -->
