<?xml version="1.0" encoding="UTF-8"?>
<!-- Generated by org.testng.reporters.JUnitReportReporter -->
<testsuite skipped="0" hostname="demonSlayer" name="Tests.HomePage" tests="2" failures="0" timestamp="2021-02-14T19:35:44 IST" time="5.335" errors="0">
  <testcase name="HomePageNavigation" time="3.264" classname="Tests.HomePage"/>
  <system-out/>
  <testcase name="HomePageNavigation" time="2.071" classname="Tests.HomePage"/>
  <system-out/>
</testsuite> <!-- Tests.HomePage -->
