<?xml version="1.0" encoding="UTF-8"?>
<!-- Generated by org.testng.reporters.JUnitReportReporter -->
<testsuite skipped="0" hostname="demonSlayer" name="validateTitle" tests="1" failures="0" timestamp="2021-02-14T19:14:13 IST" time="4.233" errors="0">
  <testcase name="getTitle" time="4.233" classname="validateTitle"/>
  <system-out/>
</testsuite> <!-- validateTitle -->
