<?xml version="1.0" encoding="UTF-8"?>
<!-- Generated by org.testng.reporters.JUnitReportReporter -->
<testsuite skipped="0" hostname="demonSlayer" name="HomePage" tests="2" failures="0" timestamp="2021-02-14T01:47:10 IST" time="10.825" errors="0">
  <testcase name="HomePageNavigation" time="5.881" classname="HomePage"/>
  <system-out/>
  <testcase name="HomePageNavigation" time="4.944" classname="HomePage"/>
  <system-out/>
</testsuite> <!-- HomePage -->
