<?xml version="1.0" encoding="UTF-8"?>
<!-- Generated by org.testng.reporters.JUnitReportReporter -->
<testsuite skipped="0" hostname="demonSlayer" name="maven.Maventest" tests="1" failures="0" timestamp="03 Jan 2021 20:34:03 GMT" time="0.019" errors="0">
  <testcase name="test" time="0.019" classname="maven.Maventest"/>
</testsuite> <!-- maven.Maventest -->
